==22234== Memcheck, a memory error detector
==22234== Copyright (C) 2002-2017, and GNU GPL'd, by Julian Seward et al.
==22234== Using Valgrind-3.13.0 and LibVEX; rerun with -h for copyright info
==22234== Command: /rhome/a/amulalic1/workspace/TP/Z4/Z1/.runme
==22234== Parent PID: 22219
==22234== 
==22234== Conditional jump or move depends on uninitialised value(s)
==22234==    at 0x10A9F4: main (main.cpp:239)
==22234== 
==22234== Conditional jump or move depends on uninitialised value(s)
==22234==    at 0x4C3084C: operator new[](unsigned long) (in /usr/lib/valgrind/vgpreload_memcheck-amd64-linux.so)
==22234==    by 0x10AA05: main (main.cpp:239)
==22234== 
==22234== Warning: set address range perms: large range [0x616e040, 0x31280488) (undefined)
==22234== Conditional jump or move depends on uninitialised value(s)
==22234==    at 0x10AA1A: main (main.cpp:239)
==22234== 
==22234== 
==22234== Process terminating with default action of signal 1 (SIGHUP)
==22234==    at 0x10AA1C: main (main.cpp:239)
==22234== 
==22234== HEAP SUMMARY:
==22234==     in use at exit: 722,543,688 bytes in 1 blocks
==22234==   total heap usage: 3 allocs, 2 frees, 722,617,416 bytes allocated
==22234== 
==22234== 722,543,688 bytes in 1 blocks are possibly lost in loss record 1 of 1
==22234==    at 0x4C3089F: operator new[](unsigned long) (in /usr/lib/valgrind/vgpreload_memcheck-amd64-linux.so)
==22234==    by 0x10AA05: main (main.cpp:239)
==22234== 
==22234== LEAK SUMMARY:
==22234==    definitely lost: 0 bytes in 0 blocks
==22234==    indirectly lost: 0 bytes in 0 blocks
==22234==      possibly lost: 722,543,688 bytes in 1 blocks
==22234==    still reachable: 0 bytes in 0 blocks
==22234==         suppressed: 0 bytes in 0 blocks
==22234== 
==22234== For counts of detected and suppressed errors, rerun with: -v
==22234== Use --track-origins=yes to see where uninitialised values come from
==22234== ERROR SUMMARY: 263392 errors from 4 contexts (suppressed: 0 from 0)
