==30531== Memcheck, a memory error detector
==30531== Copyright (C) 2002-2017, and GNU GPL'd, by Julian Seward et al.
==30531== Using Valgrind-3.13.0 and LibVEX; rerun with -h for copyright info
==30531== Command: /rhome/a/amulalic1/workspace/TP/T8/Z5/.runme
==30531== Parent PID: 30514
==30531== 
==30531== 
==30531== Process terminating with default action of signal 1 (SIGHUP)
==30531==    at 0x54D7152: write (write.c:27)
==30531==    by 0x54521BC: _IO_file_write@@GLIBC_2.2.5 (fileops.c:1203)
==30531==    by 0x5452B2E: new_do_write (fileops.c:457)
==30531==    by 0x5452B2E: _IO_file_xsputn@@GLIBC_2.2.5 (fileops.c:1277)
==30531==    by 0x5446976: fwrite (iofwrite.c:39)
==30531==    by 0x5151B83: std::basic_ostream<char, std::char_traits<char> >& std::__ostream_insert<char, std::char_traits<char> >(std::basic_ostream<char, std::char_traits<char> >&, char const*, long) (in /usr/lib/x86_64-linux-gnu/libstdc++.so.6.0.25)
==30531==    by 0x5151EF6: std::basic_ostream<char, std::char_traits<char> >& std::operator<< <std::char_traits<char> >(std::basic_ostream<char, std::char_traits<char> >&, char const*) (in /usr/lib/x86_64-linux-gnu/libstdc++.so.6.0.25)
==30531==    by 0x108AAD: UnesiVektor(std::tuple<double, double, double>&) (main.cpp:14)
==30531==    by 0x108ECA: main (main.cpp:40)
==30531== 
==30531== HEAP SUMMARY:
==30531==     in use at exit: 0 bytes in 0 blocks
==30531==   total heap usage: 2 allocs, 2 frees, 73,728 bytes allocated
==30531== 
==30531== All heap blocks were freed -- no leaks are possible
==30531== 
==30531== For counts of detected and suppressed errors, rerun with: -v
==30531== ERROR SUMMARY: 0 errors from 0 contexts (suppressed: 0 from 0)
