==27079== Memcheck, a memory error detector
==27079== Copyright (C) 2002-2017, and GNU GPL'd, by Julian Seward et al.
==27079== Using Valgrind-3.13.0 and LibVEX; rerun with -h for copyright info
==27079== Command: /rhome/a/amulalic1/workspace/TP/Z3/Z3/.runme
==27079== Parent PID: 27069
==27079== 
==27079== 
==27079== Process terminating with default action of signal 1 (SIGHUP)
==27079==    at 0x56EF081: read (read.c:27)
==27079==    by 0x566C147: _IO_file_underflow@@GLIBC_2.2.5 (fileops.c:531)
==27079==    by 0x566D3F1: _IO_default_uflow (genops.c:380)
==27079==    by 0x512B7EC: __gnu_cxx::stdio_sync_filebuf<char, std::char_traits<char> >::underflow() (in /usr/lib/x86_64-linux-gnu/libstdc++.so.6.0.25)
==27079==    by 0x51395D9: std::istream::sentry::sentry(std::istream&, bool) (in /usr/lib/x86_64-linux-gnu/libstdc++.so.6.0.25)
==27079==    by 0x513BB3D: std::istream& std::istream::_M_extract<double>(double&) (in /usr/lib/x86_64-linux-gnu/libstdc++.so.6.0.25)
==27079==    by 0x109952: void UnesiMatricu<double>(Matrica<double>&) (main.cpp:46)
==27079==    by 0x109303: main (main.cpp:160)
==27079== 
==27079== HEAP SUMMARY:
==27079==     in use at exit: 96 bytes in 6 blocks
==27079==   total heap usage: 8 allocs, 2 frees, 73,824 bytes allocated
==27079== 
==27079== LEAK SUMMARY:
==27079==    definitely lost: 0 bytes in 0 blocks
==27079==    indirectly lost: 0 bytes in 0 blocks
==27079==      possibly lost: 0 bytes in 0 blocks
==27079==    still reachable: 96 bytes in 6 blocks
==27079==         suppressed: 0 bytes in 0 blocks
==27079== Reachable blocks (those to which a pointer was found) are not shown.
==27079== To see them, rerun with: --leak-check=full --show-leak-kinds=all
==27079== 
==27079== For counts of detected and suppressed errors, rerun with: -v
==27079== ERROR SUMMARY: 0 errors from 0 contexts (suppressed: 0 from 0)
