==7283== Memcheck, a memory error detector
==7283== Copyright (C) 2002-2017, and GNU GPL'd, by Julian Seward et al.
==7283== Using Valgrind-3.13.0 and LibVEX; rerun with -h for copyright info
==7283== Command: /rhome/a/amulalic1/workspace/TP/T9/Z1/.runme
==7283== Parent PID: 7259
==7283== 
==7283== 
==7283== Process terminating with default action of signal 15 (SIGTERM)
==7283==    at 0x5875081: read (read.c:27)
==7283==    by 0x57F2147: _IO_file_underflow@@GLIBC_2.2.5 (fileops.c:531)
==7283==    by 0x57F33F1: _IO_default_uflow (genops.c:380)
==7283==    by 0x512B7EC: __gnu_cxx::stdio_sync_filebuf<char, std::char_traits<char> >::underflow() (in /usr/lib/x86_64-linux-gnu/libstdc++.so.6.0.25)
==7283==    by 0x51395D9: std::istream::sentry::sentry(std::istream&, bool) (in /usr/lib/x86_64-linux-gnu/libstdc++.so.6.0.25)
==7283==    by 0x513BB3D: std::istream& std::istream::_M_extract<double>(double&) (in /usr/lib/x86_64-linux-gnu/libstdc++.so.6.0.25)
==7283==    by 0x108B79: main (main.cpp:56)
==7283== 
==7283== HEAP SUMMARY:
==7283==     in use at exit: 0 bytes in 0 blocks
==7283==   total heap usage: 2 allocs, 2 frees, 73,728 bytes allocated
==7283== 
==7283== All heap blocks were freed -- no leaks are possible
==7283== 
==7283== For counts of detected and suppressed errors, rerun with: -v
==7283== ERROR SUMMARY: 0 errors from 0 contexts (suppressed: 0 from 0)
