==8903== Memcheck, a memory error detector
==8903== Copyright (C) 2002-2017, and GNU GPL'd, by Julian Seward et al.
==8903== Using Valgrind-3.13.0 and LibVEX; rerun with -h for copyright info
==8903== Command: /rhome/a/amulalic1/workspace/TP/Z1/Z3/.runme
==8903== Parent PID: 8869
==8903== 
==8903== 
==8903== Process terminating with default action of signal 1 (SIGHUP)
==8903==    at 0x56EF081: read (read.c:27)
==8903==    by 0x566C147: _IO_file_underflow@@GLIBC_2.2.5 (fileops.c:531)
==8903==    by 0x566D3F1: _IO_default_uflow (genops.c:380)
==8903==    by 0x512B7FC: __gnu_cxx::stdio_sync_filebuf<char, std::char_traits<char> >::underflow() (in /usr/lib/x86_64-linux-gnu/libstdc++.so.6.0.25)
==8903==    by 0x51395E9: std::istream::sentry::sentry(std::istream&, bool) (in /usr/lib/x86_64-linux-gnu/libstdc++.so.6.0.25)
==8903==    by 0x513981D: std::istream::operator>>(int&) (in /usr/lib/x86_64-linux-gnu/libstdc++.so.6.0.25)
==8903==    by 0x10A05F: main (main.cpp:137)
==8903== 
==8903== HEAP SUMMARY:
==8903==     in use at exit: 0 bytes in 0 blocks
==8903==   total heap usage: 2 allocs, 2 frees, 73,728 bytes allocated
==8903== 
==8903== All heap blocks were freed -- no leaks are possible
==8903== 
==8903== For counts of detected and suppressed errors, rerun with: -v
==8903== ERROR SUMMARY: 0 errors from 0 contexts (suppressed: 0 from 0)
