==14671== Memcheck, a memory error detector
==14671== Copyright (C) 2002-2017, and GNU GPL'd, by Julian Seward et al.
==14671== Using Valgrind-3.13.0 and LibVEX; rerun with -h for copyright info
==14671== Command: /rhome/a/amulalic1/workspace/TP/T11/Z2/.runme
==14671== Parent PID: 14654
==14671== 
==14671== 
==14671== Process terminating with default action of signal 1 (SIGHUP)
==14671==    at 0x56EF081: read (read.c:27)
==14671==    by 0x566C147: _IO_file_underflow@@GLIBC_2.2.5 (fileops.c:531)
==14671==    by 0x566D3F1: _IO_default_uflow (genops.c:380)
==14671==    by 0x512B7EC: __gnu_cxx::stdio_sync_filebuf<char, std::char_traits<char> >::underflow() (in /usr/lib/x86_64-linux-gnu/libstdc++.so.6.0.25)
==14671==    by 0x5139599: std::istream::sentry::sentry(std::istream&, bool) (in /usr/lib/x86_64-linux-gnu/libstdc++.so.6.0.25)
==14671==    by 0x513980D: std::istream::operator>>(int&) (in /usr/lib/x86_64-linux-gnu/libstdc++.so.6.0.25)
==14671==    by 0x109124: main (main.cpp:45)
==14671== 
==14671== HEAP SUMMARY:
==14671==     in use at exit: 12 bytes in 3 blocks
==14671==   total heap usage: 6 allocs, 3 frees, 73,797 bytes allocated
==14671== 
==14671== 4 bytes in 1 blocks are definitely lost in loss record 3 of 3
==14671==    at 0x4C3017F: operator new(unsigned long) (in /usr/lib/valgrind/vgpreload_memcheck-amd64-linux.so)
==14671==    by 0x10944E: StedniRacun::StedniRacun(double) (main.cpp:14)
==14671==    by 0x10905A: main (main.cpp:30)
==14671== 
==14671== LEAK SUMMARY:
==14671==    definitely lost: 4 bytes in 1 blocks
==14671==    indirectly lost: 0 bytes in 0 blocks
==14671==      possibly lost: 0 bytes in 0 blocks
==14671==    still reachable: 8 bytes in 2 blocks
==14671==         suppressed: 0 bytes in 0 blocks
==14671== Reachable blocks (those to which a pointer was found) are not shown.
==14671== To see them, rerun with: --leak-check=full --show-leak-kinds=all
==14671== 
==14671== For counts of detected and suppressed errors, rerun with: -v
==14671== ERROR SUMMARY: 1 errors from 1 contexts (suppressed: 0 from 0)
