==8642== Memcheck, a memory error detector
==8642== Copyright (C) 2002-2017, and GNU GPL'd, by Julian Seward et al.
==8642== Using Valgrind-3.13.0 and LibVEX; rerun with -h for copyright info
==8642== Command: /rhome/a/amulalic1/workspace/TP/T7/Z1/.runme
==8642== Parent PID: 8620
==8642== 
==8642== 
==8642== Process terminating with default action of signal 15 (SIGTERM)
==8642==    at 0x56EF081: read (read.c:27)
==8642==    by 0x566C147: _IO_file_underflow@@GLIBC_2.2.5 (fileops.c:531)
==8642==    by 0x566D3F1: _IO_default_uflow (genops.c:380)
==8642==    by 0x512B7FC: __gnu_cxx::stdio_sync_filebuf<char, std::char_traits<char> >::underflow() (in /usr/lib/x86_64-linux-gnu/libstdc++.so.6.0.25)
==8642==    by 0x51395E9: std::istream::sentry::sentry(std::istream&, bool) (in /usr/lib/x86_64-linux-gnu/libstdc++.so.6.0.25)
==8642==    by 0x513981D: std::istream::operator>>(int&) (in /usr/lib/x86_64-linux-gnu/libstdc++.so.6.0.25)
==8642==    by 0x108EBF: main (main.cpp:35)
==8642== 
==8642== HEAP SUMMARY:
==8642==     in use at exit: 0 bytes in 0 blocks
==8642==   total heap usage: 2 allocs, 2 frees, 73,728 bytes allocated
==8642== 
==8642== All heap blocks were freed -- no leaks are possible
==8642== 
==8642== For counts of detected and suppressed errors, rerun with: -v
==8642== ERROR SUMMARY: 0 errors from 0 contexts (suppressed: 0 from 0)
