==32673== Memcheck, a memory error detector
==32673== Copyright (C) 2002-2017, and GNU GPL'd, by Julian Seward et al.
==32673== Using Valgrind-3.13.0 and LibVEX; rerun with -h for copyright info
==32673== Command: /rhome/a/amulalic1/workspace/TP/T8/Z1/.runme
==32673== Parent PID: 32663
==32673== 
==32673== 
==32673== Process terminating with default action of signal 1 (SIGHUP)
==32673==    at 0x56EF081: read (read.c:27)
==32673==    by 0x566C147: _IO_file_underflow@@GLIBC_2.2.5 (fileops.c:531)
==32673==    by 0x566D3F1: _IO_default_uflow (genops.c:380)
==32673==    by 0x512B7EC: __gnu_cxx::stdio_sync_filebuf<char, std::char_traits<char> >::underflow() (in /usr/lib/x86_64-linux-gnu/libstdc++.so.6.0.25)
==32673==    by 0x51395D9: std::istream::sentry::sentry(std::istream&, bool) (in /usr/lib/x86_64-linux-gnu/libstdc++.so.6.0.25)
==32673==    by 0x513980D: std::istream::operator>>(int&) (in /usr/lib/x86_64-linux-gnu/libstdc++.so.6.0.25)
==32673==    by 0x10935B: main (main.cpp:56)
==32673== 
==32673== HEAP SUMMARY:
==32673==     in use at exit: 0 bytes in 0 blocks
==32673==   total heap usage: 2 allocs, 2 frees, 73,728 bytes allocated
==32673== 
==32673== All heap blocks were freed -- no leaks are possible
==32673== 
==32673== For counts of detected and suppressed errors, rerun with: -v
==32673== ERROR SUMMARY: 0 errors from 0 contexts (suppressed: 0 from 0)
