==3666== Memcheck, a memory error detector
==3666== Copyright (C) 2002-2017, and GNU GPL'd, by Julian Seward et al.
==3666== Using Valgrind-3.13.0 and LibVEX; rerun with -h for copyright info
==3666== Command: /rhome/a/amulalic1/workspace/TP/Z3/Z4/.runme
==3666== Parent PID: 3649
==3666== 
==3666== 
==3666== Process terminating with default action of signal 1 (SIGHUP)
==3666==    at 0x56EF081: read (read.c:27)
==3666==    by 0x566C147: _IO_file_underflow@@GLIBC_2.2.5 (fileops.c:531)
==3666==    by 0x566D3F1: _IO_default_uflow (genops.c:380)
==3666==    by 0x512B7EC: __gnu_cxx::stdio_sync_filebuf<char, std::char_traits<char> >::underflow() (in /usr/lib/x86_64-linux-gnu/libstdc++.so.6.0.25)
==3666==    by 0x51395D9: std::istream::sentry::sentry(std::istream&, bool) (in /usr/lib/x86_64-linux-gnu/libstdc++.so.6.0.25)
==3666==    by 0x513980D: std::istream::operator>>(int&) (in /usr/lib/x86_64-linux-gnu/libstdc++.so.6.0.25)
==3666==    by 0x109152: main (main.cpp:58)
==3666== 
==3666== HEAP SUMMARY:
==3666==     in use at exit: 0 bytes in 0 blocks
==3666==   total heap usage: 2 allocs, 2 frees, 73,728 bytes allocated
==3666== 
==3666== All heap blocks were freed -- no leaks are possible
==3666== 
==3666== For counts of detected and suppressed errors, rerun with: -v
==3666== ERROR SUMMARY: 0 errors from 0 contexts (suppressed: 0 from 0)
