==22729== Memcheck, a memory error detector
==22729== Copyright (C) 2002-2017, and GNU GPL'd, by Julian Seward et al.
==22729== Using Valgrind-3.13.0 and LibVEX; rerun with -h for copyright info
==22729== Command: /rhome/a/amulalic1/workspace/TP/Z5/Z3/.runme
==22729== Parent PID: 22699
==22729== 
==22729== 
==22729== HEAP SUMMARY:
==22729==     in use at exit: 192 bytes in 2 blocks
==22729==   total heap usage: 16 allocs, 14 frees, 74,012 bytes allocated
==22729== 
==22729== 96 bytes in 1 blocks are definitely lost in loss record 1 of 2
==22729==    at 0x4C3017F: operator new(unsigned long) (in /usr/lib/valgrind/vgpreload_memcheck-amd64-linux.so)
==22729==    by 0x10A39B: Narudzbe::Narudzbe(Narudzbe const&) (main.cpp:108)
==22729==    by 0x10B199: main (main.cpp:253)
==22729== 
==22729== 96 bytes in 1 blocks are definitely lost in loss record 2 of 2
==22729==    at 0x4C3017F: operator new(unsigned long) (in /usr/lib/valgrind/vgpreload_memcheck-amd64-linux.so)
==22729==    by 0x10A577: Narudzbe::operator=(Narudzbe const&) (main.cpp:127)
==22729==    by 0x10B337: main (main.cpp:271)
==22729== 
==22729== LEAK SUMMARY:
==22729==    definitely lost: 192 bytes in 2 blocks
==22729==    indirectly lost: 0 bytes in 0 blocks
==22729==      possibly lost: 0 bytes in 0 blocks
==22729==    still reachable: 0 bytes in 0 blocks
==22729==         suppressed: 0 bytes in 0 blocks
==22729== 
==22729== For counts of detected and suppressed errors, rerun with: -v
==22729== ERROR SUMMARY: 2 errors from 2 contexts (suppressed: 0 from 0)
