==27376== Memcheck, a memory error detector
==27376== Copyright (C) 2002-2017, and GNU GPL'd, by Julian Seward et al.
==27376== Using Valgrind-3.13.0 and LibVEX; rerun with -h for copyright info
==27376== Command: /rhome/a/amulalic1/workspace/TP/T12/Z6/.runme
==27376== Parent PID: 27360
==27376== 
==27376== 
==27376== Process terminating with default action of signal 1 (SIGHUP)
==27376==    at 0x401CCDB: open (open64.c:47)
==27376==    by 0x4005C06: open_verify.constprop.7 (dl-load.c:1668)
==27376==    by 0x4006357: open_path (dl-load.c:1980)
==27376==    by 0x4009188: _dl_map_object (dl-load.c:2220)
==27376==    by 0x400E311: openaux (dl-deps.c:63)
==27376==    by 0x401BC6A: _dl_catch_exception (dl-error-skeleton.c:196)
==27376==    by 0x400E617: _dl_map_object_deps (dl-deps.c:249)
==27376==    by 0x4003EA5: dl_main (rtld.c:1726)
==27376==    by 0x401ADCF: _dl_sysdep_start (dl-sysdep.c:253)
==27376==    by 0x4002127: _dl_start_final (rtld.c:414)
==27376==    by 0x4002127: _dl_start (rtld.c:521)
==27376==    by 0x4001097: ??? (in /lib/x86_64-linux-gnu/ld-2.27.so)
==27376== Jump to the invalid address stated on the next line
==27376==    at 0x556: ???
==27376==    by 0x4005C06: open_verify.constprop.7 (dl-load.c:1668)
==27376==    by 0x4006357: open_path (dl-load.c:1980)
==27376==    by 0x4009188: _dl_map_object (dl-load.c:2220)
==27376==    by 0x400E311: openaux (dl-deps.c:63)
==27376==    by 0x401BC6A: _dl_catch_exception (dl-error-skeleton.c:196)
==27376==    by 0x400E617: _dl_map_object_deps (dl-deps.c:249)
==27376==    by 0x4003EA5: dl_main (rtld.c:1726)
==27376==    by 0x401ADCF: _dl_sysdep_start (dl-sysdep.c:253)
==27376==    by 0x4002127: _dl_start_final (rtld.c:414)
==27376==    by 0x4002127: _dl_start (rtld.c:521)
==27376==    by 0x4001097: ??? (in /lib/x86_64-linux-gnu/ld-2.27.so)
==27376==  Address 0x556 is not stack'd, malloc'd or (recently) free'd
==27376== 
==27376== 
==27376== Process terminating with default action of signal 11 (SIGSEGV): dumping core
==27376==  Bad permissions for mapped region at address 0x556
==27376==    at 0x556: ???
==27376==    by 0x4005C06: open_verify.constprop.7 (dl-load.c:1668)
==27376==    by 0x4006357: open_path (dl-load.c:1980)
==27376==    by 0x4009188: _dl_map_object (dl-load.c:2220)
==27376==    by 0x400E311: openaux (dl-deps.c:63)
==27376==    by 0x401BC6A: _dl_catch_exception (dl-error-skeleton.c:196)
==27376==    by 0x400E617: _dl_map_object_deps (dl-deps.c:249)
==27376==    by 0x4003EA5: dl_main (rtld.c:1726)
==27376==    by 0x401ADCF: _dl_sysdep_start (dl-sysdep.c:253)
==27376==    by 0x4002127: _dl_start_final (rtld.c:414)
==27376==    by 0x4002127: _dl_start (rtld.c:521)
==27376==    by 0x4001097: ??? (in /lib/x86_64-linux-gnu/ld-2.27.so)
==27376== 
==27376== HEAP SUMMARY:
==27376==     in use at exit: 0 bytes in 0 blocks
==27376==   total heap usage: 0 allocs, 0 frees, 0 bytes allocated
==27376== 
==27376== All heap blocks were freed -- no leaks are possible
==27376== 
==27376== For counts of detected and suppressed errors, rerun with: -v
==27376== ERROR SUMMARY: 1 errors from 1 contexts (suppressed: 0 from 0)
