==6285== Memcheck, a memory error detector
==6285== Copyright (C) 2002-2017, and GNU GPL'd, by Julian Seward et al.
==6285== Using Valgrind-3.13.0 and LibVEX; rerun with -h for copyright info
==6285== Command: /rhome/a/amulalic1/workspace/TP/T3/Z3/.runme
==6285== Parent PID: 6256
==6285== 
==6285== 
==6285== Process terminating with default action of signal 6 (SIGABRT): dumping core
==6285==    at 0x561DE97: raise (raise.c:51)
==6285==    by 0x561F800: abort (abort.c:79)
==6285==    by 0x50CA956: ??? (in /usr/lib/x86_64-linux-gnu/libstdc++.so.6.0.25)
==6285==    by 0x50D0AE5: ??? (in /usr/lib/x86_64-linux-gnu/libstdc++.so.6.0.25)
==6285==    by 0x50D0B20: std::terminate() (in /usr/lib/x86_64-linux-gnu/libstdc++.so.6.0.25)
==6285==    by 0x50D0D53: __cxa_throw (in /usr/lib/x86_64-linux-gnu/libstdc++.so.6.0.25)
==6285==    by 0x50CC85A: ??? (in /usr/lib/x86_64-linux-gnu/libstdc++.so.6.0.25)
==6285==    by 0x109AD5: std::deque<int, std::allocator<int> >::_M_range_check(unsigned long) const (stl_deque.h:1403)
==6285==    by 0x109628: std::deque<int, std::allocator<int> >::at(unsigned long) (stl_deque.h:1424)
==6285==    by 0x10908E: main (main.cpp:62)
==6285== 
==6285== HEAP SUMMARY:
==6285==     in use at exit: 1,964 bytes in 8 blocks
==6285==   total heap usage: 15 allocs, 7 frees, 76,876 bytes allocated
==6285== 
==6285== 144 bytes in 1 blocks are possibly lost in loss record 5 of 8
==6285==    at 0x4C2FB0F: malloc (in /usr/lib/valgrind/vgpreload_memcheck-amd64-linux.so)
==6285==    by 0x50CF8FF: __cxa_allocate_exception (in /usr/lib/x86_64-linux-gnu/libstdc++.so.6.0.25)
==6285==    by 0x50F92CA: std::__throw_out_of_range_fmt(char const*, ...) (in /usr/lib/x86_64-linux-gnu/libstdc++.so.6.0.25)
==6285==    by 0x109AD5: std::deque<int, std::allocator<int> >::_M_range_check(unsigned long) const (stl_deque.h:1403)
==6285==    by 0x109628: std::deque<int, std::allocator<int> >::at(unsigned long) (stl_deque.h:1424)
==6285==    by 0x10908E: main (main.cpp:62)
==6285== 
==6285== LEAK SUMMARY:
==6285==    definitely lost: 0 bytes in 0 blocks
==6285==    indirectly lost: 0 bytes in 0 blocks
==6285==      possibly lost: 144 bytes in 1 blocks
==6285==    still reachable: 1,820 bytes in 7 blocks
==6285==                       of which reachable via heuristic:
==6285==                         stdstring          : 92 bytes in 1 blocks
==6285==         suppressed: 0 bytes in 0 blocks
==6285== Reachable blocks (those to which a pointer was found) are not shown.
==6285== To see them, rerun with: --leak-check=full --show-leak-kinds=all
==6285== 
==6285== For counts of detected and suppressed errors, rerun with: -v
==6285== ERROR SUMMARY: 1 errors from 1 contexts (suppressed: 0 from 0)
