==13516== Memcheck, a memory error detector
==13516== Copyright (C) 2002-2017, and GNU GPL'd, by Julian Seward et al.
==13516== Using Valgrind-3.13.0 and LibVEX; rerun with -h for copyright info
==13516== Command: /rhome/a/amulalic1/workspace/TP/Z2/Z4/.runme
==13516== Parent PID: 13498
==13516== 
==13516== 
==13516== Process terminating with default action of signal 1 (SIGHUP)
==13516==    at 0x56EF081: read (read.c:27)
==13516==    by 0x566C147: _IO_file_underflow@@GLIBC_2.2.5 (fileops.c:531)
==13516==    by 0x566D3F1: _IO_default_uflow (genops.c:380)
==13516==    by 0x512B7EC: __gnu_cxx::stdio_sync_filebuf<char, std::char_traits<char> >::underflow() (in /usr/lib/x86_64-linux-gnu/libstdc++.so.6.0.25)
==13516==    by 0x51395D9: std::istream::sentry::sentry(std::istream&, bool) (in /usr/lib/x86_64-linux-gnu/libstdc++.so.6.0.25)
==13516==    by 0x513980D: std::istream::operator>>(int&) (in /usr/lib/x86_64-linux-gnu/libstdc++.so.6.0.25)
==13516==    by 0x1097E2: main (main.cpp:30)
==13516== 
==13516== HEAP SUMMARY:
==13516==     in use at exit: 0 bytes in 0 blocks
==13516==   total heap usage: 2 allocs, 2 frees, 73,728 bytes allocated
==13516== 
==13516== All heap blocks were freed -- no leaks are possible
==13516== 
==13516== For counts of detected and suppressed errors, rerun with: -v
==13516== ERROR SUMMARY: 0 errors from 0 contexts (suppressed: 0 from 0)
