==18432== Memcheck, a memory error detector
==18432== Copyright (C) 2002-2017, and GNU GPL'd, by Julian Seward et al.
==18432== Using Valgrind-3.13.0 and LibVEX; rerun with -h for copyright info
==18432== Command: /rhome/a/amulalic1/workspace/TP/T2/Z2/.runme
==18432== Parent PID: 18414
==18432== 
==18432== 
==18432== Process terminating with default action of signal 15 (SIGTERM)
==18432==    at 0x56EF081: read (read.c:27)
==18432==    by 0x566C147: _IO_file_underflow@@GLIBC_2.2.5 (fileops.c:531)
==18432==    by 0x566D3F1: _IO_default_uflow (genops.c:380)
==18432==    by 0x512B7FC: __gnu_cxx::stdio_sync_filebuf<char, std::char_traits<char> >::underflow() (in /usr/lib/x86_64-linux-gnu/libstdc++.so.6.0.25)
==18432==    by 0x51395E9: std::istream::sentry::sentry(std::istream&, bool) (in /usr/lib/x86_64-linux-gnu/libstdc++.so.6.0.25)
==18432==    by 0x513BB4D: std::istream& std::istream::_M_extract<double>(double&) (in /usr/lib/x86_64-linux-gnu/libstdc++.so.6.0.25)
==18432==    by 0x108F00: main (main.cpp:49)
==18432== 
==18432== HEAP SUMMARY:
==18432==     in use at exit: 0 bytes in 0 blocks
==18432==   total heap usage: 2 allocs, 2 frees, 73,728 bytes allocated
==18432== 
==18432== All heap blocks were freed -- no leaks are possible
==18432== 
==18432== For counts of detected and suppressed errors, rerun with: -v
==18432== ERROR SUMMARY: 0 errors from 0 contexts (suppressed: 0 from 0)
