==11673== Memcheck, a memory error detector
==11673== Copyright (C) 2002-2017, and GNU GPL'd, by Julian Seward et al.
==11673== Using Valgrind-3.13.0 and LibVEX; rerun with -h for copyright info
==11673== Command: /rhome/a/amulalic1/workspace/TP/T11/Z4/.runme
==11673== Parent PID: 11665
==11673== 
==11673== 
==11673== Process terminating with default action of signal 15 (SIGTERM)
==11673==    at 0x56EF081: read (read.c:27)
==11673==    by 0x566C147: _IO_file_underflow@@GLIBC_2.2.5 (fileops.c:531)
==11673==    by 0x566D3F1: _IO_default_uflow (genops.c:380)
==11673==    by 0x512B7EC: __gnu_cxx::stdio_sync_filebuf<char, std::char_traits<char> >::underflow() (in /usr/lib/x86_64-linux-gnu/libstdc++.so.6.0.25)
==11673==    by 0x50E8B58: std::istream::getline(char*, long, char) (in /usr/lib/x86_64-linux-gnu/libstdc++.so.6.0.25)
==11673==    by 0x109991: main (main.cpp:190)
==11673== 
==11673== HEAP SUMMARY:
==11673==     in use at exit: 336 bytes in 7 blocks
==11673==   total heap usage: 9 allocs, 2 frees, 74,064 bytes allocated
==11673== 
==11673== LEAK SUMMARY:
==11673==    definitely lost: 0 bytes in 0 blocks
==11673==    indirectly lost: 0 bytes in 0 blocks
==11673==      possibly lost: 0 bytes in 0 blocks
==11673==    still reachable: 336 bytes in 7 blocks
==11673==         suppressed: 0 bytes in 0 blocks
==11673== Reachable blocks (those to which a pointer was found) are not shown.
==11673== To see them, rerun with: --leak-check=full --show-leak-kinds=all
==11673== 
==11673== For counts of detected and suppressed errors, rerun with: -v
==11673== ERROR SUMMARY: 0 errors from 0 contexts (suppressed: 0 from 0)
