==6925== Memcheck, a memory error detector
==6925== Copyright (C) 2002-2017, and GNU GPL'd, by Julian Seward et al.
==6925== Using Valgrind-3.13.0 and LibVEX; rerun with -h for copyright info
==6925== Command: /rhome/a/amulalic1/workspace/TP/T10/Z1/.runme
==6925== Parent PID: 6905
==6925== 
==6925== 
==6925== Process terminating with default action of signal 1 (SIGHUP)
==6925==    at 0x56EF081: read (read.c:27)
==6925==    by 0x566C147: _IO_file_underflow@@GLIBC_2.2.5 (fileops.c:531)
==6925==    by 0x566D3F1: _IO_default_uflow (genops.c:380)
==6925==    by 0x512B7EC: __gnu_cxx::stdio_sync_filebuf<char, std::char_traits<char> >::underflow() (in /usr/lib/x86_64-linux-gnu/libstdc++.so.6.0.25)
==6925==    by 0x51395D9: std::istream::sentry::sentry(std::istream&, bool) (in /usr/lib/x86_64-linux-gnu/libstdc++.so.6.0.25)
==6925==    by 0x513BB3D: std::istream& std::istream::_M_extract<double>(double&) (in /usr/lib/x86_64-linux-gnu/libstdc++.so.6.0.25)
==6925==    by 0x108F77: main (main.cpp:26)
==6925== 
==6925== HEAP SUMMARY:
==6925==     in use at exit: 0 bytes in 0 blocks
==6925==   total heap usage: 2 allocs, 2 frees, 73,728 bytes allocated
==6925== 
==6925== All heap blocks were freed -- no leaks are possible
==6925== 
==6925== For counts of detected and suppressed errors, rerun with: -v
==6925== ERROR SUMMARY: 0 errors from 0 contexts (suppressed: 0 from 0)
