==24515== Memcheck, a memory error detector
==24515== Copyright (C) 2002-2017, and GNU GPL'd, by Julian Seward et al.
==24515== Using Valgrind-3.13.0 and LibVEX; rerun with -h for copyright info
==24515== Command: /rhome/a/amulalic1/workspace/TP/T7/Z2/.runme
==24515== Parent PID: 24505
==24515== 
==24515== 
==24515== Process terminating with default action of signal 15 (SIGTERM)
==24515==    at 0x56EF081: read (read.c:27)
==24515==    by 0x566C147: _IO_file_underflow@@GLIBC_2.2.5 (fileops.c:531)
==24515==    by 0x566D3F1: _IO_default_uflow (genops.c:380)
==24515==    by 0x512B7FC: __gnu_cxx::stdio_sync_filebuf<char, std::char_traits<char> >::underflow() (in /usr/lib/x86_64-linux-gnu/libstdc++.so.6.0.25)
==24515==    by 0x51395E9: std::istream::sentry::sentry(std::istream&, bool) (in /usr/lib/x86_64-linux-gnu/libstdc++.so.6.0.25)
==24515==    by 0x513981D: std::istream::operator>>(int&) (in /usr/lib/x86_64-linux-gnu/libstdc++.so.6.0.25)
==24515==    by 0x108E8B: main (main.cpp:18)
==24515== 
==24515== HEAP SUMMARY:
==24515==     in use at exit: 0 bytes in 0 blocks
==24515==   total heap usage: 2 allocs, 2 frees, 73,728 bytes allocated
==24515== 
==24515== All heap blocks were freed -- no leaks are possible
==24515== 
==24515== For counts of detected and suppressed errors, rerun with: -v
==24515== ERROR SUMMARY: 0 errors from 0 contexts (suppressed: 0 from 0)
