[New LWP 32109]
Core was generated by `'.
Program terminated with signal SIGXCPU, CPU time limit exceeded.
#0  0x00000000001089de in ?? ()
#0  0x00000000001089de in ?? ()
#1  0xb7b6b5b4b3b2b1b0 in ?? ()
#2  0x4000000000000000 in ?? ()
#3  0x04006ead0030a028 in ?? ()
#4  0x0000001ffefff900 in ?? ()
#5  0x0000001ffefff8c0 in ?? ()
#6  0x003a7ac9fefff8b0 in ?? ()
#7  0x0000001ffefff8c0 in ?? ()
#8  0x0000000000108d4a in ?? ()
#9  0x0000001ffefff998 in ?? ()
#10 0x0000001ffefff900 in ?? ()
#11 0x0000001ffefff8f0 in ?? ()
#12 0x0000000000108cf8 in ?? ()
#13 0x0000001ffefff9ac in ?? ()
#14 0x0000001ffefff998 in ?? ()
#15 0x000000000030a020 in ?? ()
#16 0x0000000000000001 in ?? ()
#17 0x0000001ffefff930 in ?? ()
#18 0x0000000000108c56 in ?? ()
#19 0x000000000030a020 in ?? ()
#20 0x00000000001088a0 in ?? ()
#21 0x0000001ffefff9ac in ?? ()
#22 0x0000001ffefff970 in ?? ()
#23 0x0000000000000000 in ?? ()
