==11963== Memcheck, a memory error detector
==11963== Copyright (C) 2002-2017, and GNU GPL'd, by Julian Seward et al.
==11963== Using Valgrind-3.13.0 and LibVEX; rerun with -h for copyright info
==11963== Command: /rhome/a/amulalic1/workspace/TP/T5/Z3/.runme
==11963== Parent PID: 11876
==11963== 
==11963== Conditional jump or move depends on uninitialised value(s)
==11963==    at 0x53D5AA8: log (w_log_compat.c:31)
==11963==    by 0x108FC3: main (main.cpp:70)
==11963== 
==11963== Conditional jump or move depends on uninitialised value(s)
==11963==    at 0x53D5AC0: log (w_log_compat.c:33)
==11963==    by 0x108FC3: main (main.cpp:70)
==11963== 
==11963== Conditional jump or move depends on uninitialised value(s)
==11963==    at 0x53D5AC2: log (w_log_compat.c:33)
==11963==    by 0x108FC3: main (main.cpp:70)
==11963== 
==11963== 
==11963== HEAP SUMMARY:
==11963==     in use at exit: 0 bytes in 0 blocks
==11963==   total heap usage: 2 allocs, 2 frees, 73,728 bytes allocated
==11963== 
==11963== All heap blocks were freed -- no leaks are possible
==11963== 
==11963== For counts of detected and suppressed errors, rerun with: -v
==11963== Use --track-origins=yes to see where uninitialised values come from
==11963== ERROR SUMMARY: 30 errors from 3 contexts (suppressed: 0 from 0)
