==5998== Memcheck, a memory error detector
==5998== Copyright (C) 2002-2017, and GNU GPL'd, by Julian Seward et al.
==5998== Using Valgrind-3.13.0 and LibVEX; rerun with -h for copyright info
==5998== Command: /rhome/a/amulalic1/workspace/TP/T1/Z2/.runme
==5998== Parent PID: 5971
==5998== 
==5998== 
==5998== Process terminating with default action of signal 1 (SIGHUP)
==5998==    at 0x5875081: read (read.c:27)
==5998==    by 0x57F2147: _IO_file_underflow@@GLIBC_2.2.5 (fileops.c:531)
==5998==    by 0x57F33F1: _IO_default_uflow (genops.c:380)
==5998==    by 0x512B89C: __gnu_cxx::stdio_sync_filebuf<char, std::char_traits<char> >::underflow() (in /usr/lib/x86_64-linux-gnu/libstdc++.so.6.0.25)
==5998==    by 0x5139679: std::istream::sentry::sentry(std::istream&, bool) (in /usr/lib/x86_64-linux-gnu/libstdc++.so.6.0.25)
==5998==    by 0x513BBDD: std::istream& std::istream::_M_extract<double>(double&) (in /usr/lib/x86_64-linux-gnu/libstdc++.so.6.0.25)
==5998==    by 0x108B93: main (main.cpp:13)
==5998== 
==5998== HEAP SUMMARY:
==5998==     in use at exit: 0 bytes in 0 blocks
==5998==   total heap usage: 2 allocs, 2 frees, 73,728 bytes allocated
==5998== 
==5998== All heap blocks were freed -- no leaks are possible
==5998== 
==5998== For counts of detected and suppressed errors, rerun with: -v
==5998== ERROR SUMMARY: 0 errors from 0 contexts (suppressed: 0 from 0)
