==9558== Memcheck, a memory error detector
==9558== Copyright (C) 2002-2017, and GNU GPL'd, by Julian Seward et al.
==9558== Using Valgrind-3.13.0 and LibVEX; rerun with -h for copyright info
==9558== Command: /rhome/a/amulalic1/workspace/TP/T5/Z1/.runme
==9558== Parent PID: 9550
==9558== 
==9558== 
==9558== Process terminating with default action of signal 1 (SIGHUP)
==9558==    at 0x54D7081: read (read.c:27)
==9558==    by 0x5454147: _IO_file_underflow@@GLIBC_2.2.5 (fileops.c:531)
==9558==    by 0x54553F1: _IO_default_uflow (genops.c:380)
==9558==    by 0x512B7FC: __gnu_cxx::stdio_sync_filebuf<char, std::char_traits<char> >::underflow() (in /usr/lib/x86_64-linux-gnu/libstdc++.so.6.0.25)
==9558==    by 0x50E8B68: std::istream::getline(char*, long, char) (in /usr/lib/x86_64-linux-gnu/libstdc++.so.6.0.25)
==9558==    by 0x1089C1: main (main.cpp:23)
==9558== 
==9558== HEAP SUMMARY:
==9558==     in use at exit: 0 bytes in 0 blocks
==9558==   total heap usage: 2 allocs, 2 frees, 73,728 bytes allocated
==9558== 
==9558== All heap blocks were freed -- no leaks are possible
==9558== 
==9558== For counts of detected and suppressed errors, rerun with: -v
==9558== ERROR SUMMARY: 0 errors from 0 contexts (suppressed: 0 from 0)
