[New LWP 5822]
Core was generated by `'.
Program terminated with signal SIGSEGV, Segmentation fault.
#0  0x0000000000109222 in ?? ()
#0  0x0000000000109222 in ?? ()
#1  0x0000001fff001000 in ?? ()
#2  0x0000001fff0007f0 in ?? ()
#3  0x0000001fff000820 in ?? ()
#4  0x0000000000109130 in ?? ()
#5  0x0000001fff000877 in ?? ()
#6  0x0000001fff0008f0 in ?? ()
#7  0x0000001fff0008e0 in ?? ()
#8  0x0000001fff001000 in ?? ()
#9  0x0000001fff000877 in ?? ()
#10 0x0000001fff0008e0 in ?? ()
#11 0x0000001fff000850 in ?? ()
#12 0x000000000010907a in ?? ()
#13 0x0000001fff000877 in ?? ()
#14 0x0000001fff0008f0 in ?? ()
#15 0x0000001fff0008e0 in ?? ()
#16 0x0000001fff0008ed in ?? ()
#17 0x0000001fff000890 in ?? ()
#18 0x0000000000108e2b in ?? ()
#19 0x0000001fff0008d0 in ?? ()
#20 0x0000001fff0008f0 in ?? ()
#21 0x200000000000000d in ?? ()
#22 0x3150f1e03ce06300 in ?? ()
#23 0x0000000000000000 in ?? ()
