==5822== Memcheck, a memory error detector
==5822== Copyright (C) 2002-2017, and GNU GPL'd, by Julian Seward et al.
==5822== Using Valgrind-3.13.0 and LibVEX; rerun with -h for copyright info
==5822== Command: /rhome/a/amulalic1/workspace/TP/T7/Z8/.runme
==5822== Parent PID: 5802
==5822== 
==5822== Conditional jump or move depends on uninitialised value(s)
==5822==    at 0x109135: std::back_insert_iterator<std::__cxx11::basic_string<char, std::char_traits<char>, std::allocator<char> > > std::__remove_copy_if<__gnu_cxx::__normal_iterator<char*, std::__cxx11::basic_string<char, std::char_traits<char>, std::allocator<char> > >, std::back_insert_iterator<std::__cxx11::basic_string<char, std::char_traits<char>, std::allocator<char> > >, __gnu_cxx::__ops::_Iter_equals_val<char const> >(__gnu_cxx::__normal_iterator<char*, std::__cxx11::basic_string<char, std::char_traits<char>, std::allocator<char> > >, __gnu_cxx::__normal_iterator<char*, std::__cxx11::basic_string<char, std::char_traits<char>, std::allocator<char> > >, std::back_insert_iterator<std::__cxx11::basic_string<char, std::char_traits<char>, std::allocator<char> > >, __gnu_cxx::__ops::_Iter_equals_val<char const>) (stl_algo.h:646)
==5822==    by 0x109079: std::back_insert_iterator<std::__cxx11::basic_string<char, std::char_traits<char>, std::allocator<char> > > std::remove_copy<__gnu_cxx::__normal_iterator<char*, std::__cxx11::basic_string<char, std::char_traits<char>, std::allocator<char> > >, std::back_insert_iterator<std::__cxx11::basic_string<char, std::char_traits<char>, std::allocator<char> > >, char>(__gnu_cxx::__normal_iterator<char*, std::__cxx11::basic_string<char, std::char_traits<char>, std::allocator<char> > >, __gnu_cxx::__normal_iterator<char*, std::__cxx11::basic_string<char, std::char_traits<char>, std::allocator<char> > >, std::back_insert_iterator<std::__cxx11::basic_string<char, std::char_traits<char>, std::allocator<char> > >, char const&) (stl_algo.h:682)
==5822==    by 0x108E2A: IzvrniBezRazmaka(std::__cxx11::basic_string<char, std::char_traits<char>, std::allocator<char> >) (main.cpp:16)
==5822==    by 0x108EE1: main (main.cpp:23)
==5822== 
==5822== Invalid read of size 1
==5822==    at 0x109222: bool __gnu_cxx::__ops::_Iter_equals_val<char const>::operator()<__gnu_cxx::__normal_iterator<char*, std::__cxx11::basic_string<char, std::char_traits<char>, std::allocator<char> > > >(__gnu_cxx::__normal_iterator<char*, std::__cxx11::basic_string<char, std::char_traits<char>, std::allocator<char> > >) (predefined_ops.h:241)
==5822==    by 0x10912F: std::back_insert_iterator<std::__cxx11::basic_string<char, std::char_traits<char>, std::allocator<char> > > std::__remove_copy_if<__gnu_cxx::__normal_iterator<char*, std::__cxx11::basic_string<char, std::char_traits<char>, std::allocator<char> > >, std::back_insert_iterator<std::__cxx11::basic_string<char, std::char_traits<char>, std::allocator<char> > >, __gnu_cxx::__ops::_Iter_equals_val<char const> >(__gnu_cxx::__normal_iterator<char*, std::__cxx11::basic_string<char, std::char_traits<char>, std::allocator<char> > >, __gnu_cxx::__normal_iterator<char*, std::__cxx11::basic_string<char, std::char_traits<char>, std::allocator<char> > >, std::back_insert_iterator<std::__cxx11::basic_string<char, std::char_traits<char>, std::allocator<char> > >, __gnu_cxx::__ops::_Iter_equals_val<char const>) (stl_algo.h:646)
==5822==    by 0x109079: std::back_insert_iterator<std::__cxx11::basic_string<char, std::char_traits<char>, std::allocator<char> > > std::remove_copy<__gnu_cxx::__normal_iterator<char*, std::__cxx11::basic_string<char, std::char_traits<char>, std::allocator<char> > >, std::back_insert_iterator<std::__cxx11::basic_string<char, std::char_traits<char>, std::allocator<char> > >, char>(__gnu_cxx::__normal_iterator<char*, std::__cxx11::basic_string<char, std::char_traits<char>, std::allocator<char> > >, __gnu_cxx::__normal_iterator<char*, std::__cxx11::basic_string<char, std::char_traits<char>, std::allocator<char> > >, std::back_insert_iterator<std::__cxx11::basic_string<char, std::char_traits<char>, std::allocator<char> > >, char const&) (stl_algo.h:682)
==5822==    by 0x108E2A: IzvrniBezRazmaka(std::__cxx11::basic_string<char, std::char_traits<char>, std::allocator<char> >) (main.cpp:16)
==5822==    by 0x108EE1: main (main.cpp:23)
==5822==  Address 0x1fff001000 is not stack'd, malloc'd or (recently) free'd
==5822== 
==5822== 
==5822== Process terminating with default action of signal 11 (SIGSEGV): dumping core
==5822==  Access not within mapped region at address 0x1FFF001000
==5822==    at 0x109222: bool __gnu_cxx::__ops::_Iter_equals_val<char const>::operator()<__gnu_cxx::__normal_iterator<char*, std::__cxx11::basic_string<char, std::char_traits<char>, std::allocator<char> > > >(__gnu_cxx::__normal_iterator<char*, std::__cxx11::basic_string<char, std::char_traits<char>, std::allocator<char> > >) (predefined_ops.h:241)
==5822==    by 0x10912F: std::back_insert_iterator<std::__cxx11::basic_string<char, std::char_traits<char>, std::allocator<char> > > std::__remove_copy_if<__gnu_cxx::__normal_iterator<char*, std::__cxx11::basic_string<char, std::char_traits<char>, std::allocator<char> > >, std::back_insert_iterator<std::__cxx11::basic_string<char, std::char_traits<char>, std::allocator<char> > >, __gnu_cxx::__ops::_Iter_equals_val<char const> >(__gnu_cxx::__normal_iterator<char*, std::__cxx11::basic_string<char, std::char_traits<char>, std::allocator<char> > >, __gnu_cxx::__normal_iterator<char*, std::__cxx11::basic_string<char, std::char_traits<char>, std::allocator<char> > >, std::back_insert_iterator<std::__cxx11::basic_string<char, std::char_traits<char>, std::allocator<char> > >, __gnu_cxx::__ops::_Iter_equals_val<char const>) (stl_algo.h:646)
==5822==    by 0x109079: std::back_insert_iterator<std::__cxx11::basic_string<char, std::char_traits<char>, std::allocator<char> > > std::remove_copy<__gnu_cxx::__normal_iterator<char*, std::__cxx11::basic_string<char, std::char_traits<char>, std::allocator<char> > >, std::back_insert_iterator<std::__cxx11::basic_string<char, std::char_traits<char>, std::allocator<char> > >, char>(__gnu_cxx::__normal_iterator<char*, std::__cxx11::basic_string<char, std::char_traits<char>, std::allocator<char> > >, __gnu_cxx::__normal_iterator<char*, std::__cxx11::basic_string<char, std::char_traits<char>, std::allocator<char> > >, std::back_insert_iterator<std::__cxx11::basic_string<char, std::char_traits<char>, std::allocator<char> > >, char const&) (stl_algo.h:682)
==5822==    by 0x108E2A: IzvrniBezRazmaka(std::__cxx11::basic_string<char, std::char_traits<char>, std::allocator<char> >) (main.cpp:16)
==5822==    by 0x108EE1: main (main.cpp:23)
==5822==  If you believe this happened as a result of a stack
==5822==  overflow in your program's main thread (unlikely but
==5822==  possible), you can try to increase the size of the
==5822==  main thread stack using the --main-stacksize= flag.
==5822==  The main thread stack size used in this run was 8388608.
==5822== 
==5822== HEAP SUMMARY:
==5822==     in use at exit: 1,921 bytes in 1 blocks
==5822==   total heap usage: 8 allocs, 7 frees, 76,521 bytes allocated
==5822== 
==5822== LEAK SUMMARY:
==5822==    definitely lost: 0 bytes in 0 blocks
==5822==    indirectly lost: 0 bytes in 0 blocks
==5822==      possibly lost: 0 bytes in 0 blocks
==5822==    still reachable: 1,921 bytes in 1 blocks
==5822==         suppressed: 0 bytes in 0 blocks
==5822== Reachable blocks (those to which a pointer was found) are not shown.
==5822== To see them, rerun with: --leak-check=full --show-leak-kinds=all
==5822== 
==5822== For counts of detected and suppressed errors, rerun with: -v
==5822== Use --track-origins=yes to see where uninitialised values come from
==5822== ERROR SUMMARY: 67 errors from 2 contexts (suppressed: 0 from 0)
