/rhome/a/amulalic1/workspace/TP/T1/Z1/main.cpp: In function ‘int main()’:
/rhome/a/amulalic1/workspace/TP/T1/Z1/main.cpp:13:19: error: no match for ‘operator<<’ (operand types are ‘std::basic_istream<char>::__istream_type {aka std::basic_istream<char>}’ and ‘<unresolved overloaded function type>’)
     std::cin >> d << std::endl;
     ~~~~~~~~~~~~~~^~~~~~
In file included from /usr/include/c++/7/iostream:39:0,
                 from /rhome/a/amulalic1/workspace/TP/T1/Z1/main.cpp:2:
/usr/include/c++/7/ostream:682:5: note: candidate: template<class _Ostream, class _Tp> typename std::enable_if<std::__and_<std::__not_<std::is_lvalue_reference<_Tp> >, std::__is_convertible_to_basic_ostream<_Ostream>, std::__is_insertable<typename std::__is_convertible_to_basic_ostream<_Tp>::__ostream_type, const _Tp&, void> >::value, typename std::__is_convertible_to_basic_ostream<_Tp>::__ostream_type>::type std::operator<<(_Ostream&&, const _Tp&)
     operator<<(_Ostream&& __os, const _Tp& __x)
     ^~~~~~~~
/usr/include/c++/7/ostream:682:5: note:   template argument deduction/substitution failed:
/rhome/a/amulalic1/workspace/TP/T1/Z1/main.cpp:13:27: note:   couldn't deduce template parameter ‘_Tp’
     std::cin >> d << std::endl;
                           ^~~~
In file included from /usr/include/c++/7/iostream:39:0,
                 from /rhome/a/amulalic1/workspace/TP/T1/Z1/main.cpp:2:
/usr/include/c++/7/ostream:574:5: note: candidate: template<class _Traits> std::basic_ostream<char, _Traits>& std::operator<<(std::basic_ostream<char, _Traits>&, const unsigned char*)
     operator<<(basic_ostream<char, _Traits>& __out, const unsigned char* __s)
     ^~~~~~~~
/usr/include/c++/7/ostream:574:5: note:   template argument deduction/substitution failed:
/rhome/a/amulalic1/workspace/TP/T1/Z1/main.cpp:13:27: note:   ‘std::basic_istream<char>::__istream_type {aka std::basic_istream<char>}’ is not derived from ‘std::basic_ostream<char, _Traits>’
     std::cin >> d << std::endl;
                           ^~~~
In file included from /usr/include/c++/7/iostream:39:0,
                 from /rhome/a/amulalic1/workspace/TP/T1/Z1/main.cpp:2:
/usr/include/c++/7/ostream:569:5: note: candidate: template<class _Traits> std::basic_ostream<char, _Traits>& std::operator<<(std::basic_ostream<char, _Traits>&, const signed char*)
     operator<<(basic_ostream<char, _Traits>& __out, const signed char* __s)
     ^~~~~~~~
/usr/include/c++/7/ostream:569:5: note:   template argument deduction/substitution failed:
/rhome/a/amulalic1/workspace/TP/T1/Z1/main.cpp:13:27: note:   ‘std::basic_istream<char>::__istream_type {aka std::basic_istream<char>}’ is not derived from ‘std::basic_ostream<char, _Traits>’
     std::cin >> d << std::endl;
                           ^~~~
In file included from /usr/include/c++/7/iostream:39:0,
                 from /rhome/a/amulalic1/workspace/TP/T1/Z1/main.cpp:2:
/usr/include/c++/7/ostream:556:5: note: candidate: template<class _Traits> std::basic_ostream<char, _Traits>& std::operator<<(std::basic_ostream<char, _Traits>&, const char*)
     operator<<(basic_ostream<char, _Traits>& __out, const char* __s)
     ^~~~~~~~
/usr/include/c++/7/ostream:556:5: note:   template argument deduction/substitution failed:
/rhome/a/amulalic1/workspace/TP/T1/Z1/main.cpp:13:27: note:   ‘std::basic_istream<char>::__istream_type {aka std::basic_istream<char>}’ is not derived from ‘std::basic_ostream<char, _Traits>’
     std::cin >> d << std::endl;
                           ^~~~
In file included from /usr/include/c++/7/ostream:693:0,
                 from /usr/include/c++/7/iostream:39,
                 from /rhome/a/amulalic1/workspace/TP/T1/Z1/main.cpp:2:
/usr/include/c++/7/bits/ostream.tcc:321:5: note: candidate: template<class _CharT, class _Traits> std::basic_ostream<_CharT, _Traits>& std::operator<<(std::basic_ostream<_CharT, _Traits>&, const char*)
     operator<<(basic_ostream<_CharT, _Traits>& __out, const char* __s)
     ^~~~~~~~
/usr/include/c++/7/bits/ostream.tcc:321:5: note:   template argument deduction/substitution failed:
/rhome/a/amulalic1/workspace/TP/T1/Z1/main.cpp:13:27: note:   ‘std::basic_istream<char>::__istream_type {aka std::basic_istream<char>}’ is not derived from ‘std::basic_ostream<_CharT, _Traits>’
     std::cin >> d << std::endl;
                           ^~~~
In file included from /usr/include/c++/7/iostream:39:0,
                 from /rhome/a/amulalic1/workspace/TP/T1/Z1/main.cpp:2:
/usr/include/c++/7/ostream:539:5: note: candidate: template<class _CharT, class _Traits> std::basic_ostream<_CharT, _Traits>& std::operator<<(std::basic_ostream<_CharT, _Traits>&, const _CharT*)
     operator<<(basic_ostream<_CharT, _Traits>& __out, const _CharT* __s)
     ^~~~~~~~
/usr/include/c++/7/ostream:539:5: note:   template argument deduction/substitution failed:
/rhome/a/amulalic1/workspace/TP/T1/Z1/main.cpp:13:27: note:   ‘std::basic_istream<char>::__istream_type {aka std::basic_istream<char>}’ is not derived from ‘std::basic_ostream<_CharT, _Traits>’
     std::cin >> d << std::endl;
                           ^~~~
In file included from /usr/include/c++/7/iostream:39:0,
                 from /rhome/a/amulalic1/workspace/TP/T1/Z1/main.cpp:2:
/usr/include/c++/7/ostream:519:5: note: candidate: template<class _Traits> std::basic_ostream<char, _Traits>& std::operator<<(std::basic_ostream<char, _Traits>&, unsigned char)
     operator<<(basic_ostream<char, _Traits>& __out, unsigned char __c)
     ^~~~~~~~
/usr/include/c++/7/ostream:519:5: note:   template argument deduction/substitution failed:
/rhome/a/amulalic1/workspace/TP/T1/Z1/main.cpp:13:27: note:   ‘std::basic_istream<char>::__istream_type {aka std::basic_istream<char>}’ is not derived from ‘std::basic_ostream<char, _Traits>’
     std::cin >> d << std::endl;
                           ^~~~
In file included from /usr/include/c++/7/iostream:39:0,
                 from /rhome/a/amulalic1/workspace/TP/T1/Z1/main.cpp:2:
/usr/include/c++/7/ostream:514:5: note: candidate: template<class _Traits> std::basic_ostream<char, _Traits>& std::operator<<(std::basic_ostream<char, _Traits>&, signed char)
     operator<<(basic_ostream<char, _Traits>& __out, signed char __c)
     ^~~~~~~~
/usr/include/c++/7/ostream:514:5: note:   template argument deduction/substitution failed:
/rhome/a/amulalic1/workspace/TP/T1/Z1/main.cpp:13:27: note:   ‘std::basic_istream<char>::__istream_type {aka std::basic_istream<char>}’ is not derived from ‘std::basic_ostream<char, _Traits>’
     std::cin >> d << std::endl;
                           ^~~~
In file included from /usr/include/c++/7/iostream:39:0,
                 from /rhome/a/amulalic1/workspace/TP/T1/Z1/main.cpp:2:
/usr/include/c++/7/ostream:508:5: note: candidate: template<class _Traits> std::basic_ostream<char, _Traits>& std::operator<<(std::basic_ostream<char, _Traits>&, char)
     operator<<(basic_ostream<char, _Traits>& __out, char __c)
     ^~~~~~~~
/usr/include/c++/7/ostream:508:5: note:   template argument deduction/substitution failed:
/rhome/a/amulalic1/workspace/TP/T1/Z1/main.cpp:13:27: note:   ‘std::basic_istream<char>::__istream_type {aka std::basic_istream<char>}’ is not derived from ‘std::basic_ostream<char, _Traits>’
     std::cin >> d << std::endl;
                           ^~~~
In file included from /usr/include/c++/7/iostream:39:0,
                 from /rhome/a/amulalic1/workspace/TP/T1/Z1/main.cpp:2:
/usr/include/c++/7/ostream:502:5: note: candidate: template<class _CharT, class _Traits> std::basic_ostream<_CharT, _Traits>& std::operator<<(std::basic_ostream<_CharT, _Traits>&, char)
     operator<<(basic_ostream<_CharT, _Traits>& __out, char __c)
     ^~~~~~~~
/usr/include/c++/7/ostream:502:5: note:   template argument deduction/substitution failed:
/rhome/a/amulalic1/workspace/TP/T1/Z1/main.cpp:13:27: note:   ‘std::basic_istream<char>::__istream_type {aka std::basic_istream<char>}’ is not derived from ‘std::basic_ostream<_CharT, _Traits>’
     std::cin >> d << std::endl;
                           ^~~~
In file included from /usr/include/c++/7/iostream:39:0,
                 from /rhome/a/amulalic1/workspace/TP/T1/Z1/main.cpp:2:
/usr/include/c++/7/ostream:497:5: note: candidate: template<class _CharT, class _Traits> std::basic_ostream<_CharT, _Traits>& std::operator<<(std::basic_ostream<_CharT, _Traits>&, _CharT)
     operator<<(basic_ostream<_CharT, _Traits>& __out, _CharT __c)
     ^~~~~~~~
/usr/include/c++/7/ostream:497:5: note:   template argument deduction/substitution failed:
/rhome/a/amulalic1/workspace/TP/T1/Z1/main.cpp:13:27: note:   ‘std::basic_istream<char>::__istream_type {aka std::basic_istream<char>}’ is not derived from ‘std::basic_ostream<_CharT, _Traits>’
     std::cin >> d << std::endl;
                           ^~~~
In file included from /usr/include/c++/7/bits/ios_base.h:46:0,
                 from /usr/include/c++/7/ios:42,
                 from /usr/include/c++/7/ostream:38,
                 from /usr/include/c++/7/iostream:39,
                 from /rhome/a/amulalic1/workspace/TP/T1/Z1/main.cpp:2:
/usr/include/c++/7/system_error:217:5: note: candidate: template<class _CharT, class _Traits> std::basic_ostream<_CharT, _Traits>& std::operator<<(std::basic_ostream<_CharT, _Traits>&, const std::error_code&)
     operator<<(basic_ostream<_CharT, _Traits>& __os, const error_code& __e)
     ^~~~~~~~
/usr/include/c++/7/system_error:217:5: note:   template argument deduction/substitution failed:
/rhome/a/amulalic1/workspace/TP/T1/Z1/main.cpp:13:27: note:   ‘std::basic_istream<char>::__istream_type {aka std::basic_istream<char>}’ is not derived from ‘std::basic_ostream<_CharT, _Traits>’
     std::cin >> d << std::endl;
                           ^~~~
In file included from /usr/include/c++/7/string:52:0,
                 from /usr/include/c++/7/bits/locale_classes.h:40,
                 from /usr/include/c++/7/bits/ios_base.h:41,
                 from /usr/include/c++/7/ios:42,
                 from /usr/include/c++/7/ostream:38,
                 from /usr/include/c++/7/iostream:39,
                 from /rhome/a/amulalic1/workspace/TP/T1/Z1/main.cpp:2:
/usr/include/c++/7/bits/basic_string.h:6284:5: note: candidate: template<class _CharT, class _Traits, class _Alloc> std::basic_ostream<_CharT, _Traits>& std::operator<<(std::basic_ostream<_CharT, _Traits>&, const std::__cxx11::basic_string<_CharT, _Traits, _Alloc>&)
     operator<<(basic_ostream<_CharT, _Traits>& __os,
     ^~~~~~~~
/usr/include/c++/7/bits/basic_string.h:6284:5: note:   template argument deduction/substitution failed:
/rhome/a/amulalic1/workspace/TP/T1/Z1/main.cpp:13:27: note:   ‘std::basic_istream<char>::__istream_type {aka std::basic_istream<char>}’ is not derived from ‘std::basic_ostream<_CharT, _Traits>’
     std::cin >> d << std::endl;
                           ^~~~
