==21371== Memcheck, a memory error detector
==21371== Copyright (C) 2002-2017, and GNU GPL'd, by Julian Seward et al.
==21371== Using Valgrind-3.13.0 and LibVEX; rerun with -h for copyright info
==21371== Command: /rhome/a/amulalic1/workspace/TP/Z4/Z4/.runme
==21371== Parent PID: 21357
==21371== 
==21371== 
==21371== Process terminating with default action of signal 1 (SIGHUP)
==21371==    at 0x56EF081: read (read.c:27)
==21371==    by 0x566C147: _IO_file_underflow@@GLIBC_2.2.5 (fileops.c:531)
==21371==    by 0x566D3F1: _IO_default_uflow (genops.c:380)
==21371==    by 0x512B7EC: __gnu_cxx::stdio_sync_filebuf<char, std::char_traits<char> >::underflow() (in /usr/lib/x86_64-linux-gnu/libstdc++.so.6.0.25)
==21371==    by 0x51395D9: std::istream::sentry::sentry(std::istream&, bool) (in /usr/lib/x86_64-linux-gnu/libstdc++.so.6.0.25)
==21371==    by 0x513980D: std::istream::operator>>(int&) (in /usr/lib/x86_64-linux-gnu/libstdc++.so.6.0.25)
==21371==    by 0x109E4F: main (main.cpp:233)
==21371== 
==21371== HEAP SUMMARY:
==21371==     in use at exit: 0 bytes in 0 blocks
==21371==   total heap usage: 2 allocs, 2 frees, 73,728 bytes allocated
==21371== 
==21371== All heap blocks were freed -- no leaks are possible
==21371== 
==21371== For counts of detected and suppressed errors, rerun with: -v
==21371== ERROR SUMMARY: 0 errors from 0 contexts (suppressed: 0 from 0)
