==20780== Memcheck, a memory error detector
==20780== Copyright (C) 2002-2017, and GNU GPL'd, by Julian Seward et al.
==20780== Using Valgrind-3.13.0 and LibVEX; rerun with -h for copyright info
==20780== Command: /rhome/a/amulalic1/workspace/TP2019/Z5/Z5/.runme
==20780== Parent PID: 20773
==20780== 
==20780== Invalid write of size 2
==20780==    at 0x4C340D3: memcpy@GLIBC_2.2.5 (in /usr/lib/valgrind/vgpreload_memcheck-amd64-linux.so)
==20780==    by 0x5161669: std::basic_streambuf<char, std::char_traits<char> >::xsgetn(char*, long) (in /usr/lib/x86_64-linux-gnu/libstdc++.so.6.0.25)
==20780==    by 0x512D232: std::basic_filebuf<char, std::char_traits<char> >::xsgetn(char*, long) (in /usr/lib/x86_64-linux-gnu/libstdc++.so.6.0.25)
==20780==    by 0x513A41C: std::istream::read(char*, long) (in /usr/lib/x86_64-linux-gnu/libstdc++.so.6.0.25)
==20780==    by 0x109B8A: Matrica<double>::ObnoviIzBinarneDatoteke(std::__cxx11::basic_string<char, std::char_traits<char>, std::allocator<char> >) const (main.cpp:399)
==20780==    by 0x10957E: main (main.cpp:532)
==20780==  Address 0x5d7fd30 is 0 bytes after a block of size 16 alloc'd
==20780==    at 0x4C3089F: operator new[](unsigned long) (in /usr/lib/valgrind/vgpreload_memcheck-amd64-linux.so)
==20780==    by 0x109D19: Matrica<double>::AlocirajMemoriju(int, int) (main.cpp:73)
==20780==    by 0x1096F5: Matrica<double>::Matrica(int, int, char) (main.cpp:66)
==20780==    by 0x10944C: main (main.cpp:522)
==20780== 
==20780== Invalid read of size 8
==20780==    at 0x109B60: Matrica<double>::ObnoviIzBinarneDatoteke(std::__cxx11::basic_string<char, std::char_traits<char>, std::allocator<char> >) const (main.cpp:399)
==20780==    by 0x10957E: main (main.cpp:532)
==20780==  Address 0x5d7fc90 is 0 bytes after a block of size 16 alloc'd
==20780==    at 0x4C3089F: operator new[](unsigned long) (in /usr/lib/valgrind/vgpreload_memcheck-amd64-linux.so)
==20780==    by 0x109CA9: Matrica<double>::AlocirajMemoriju(int, int) (main.cpp:70)
==20780==    by 0x1096F5: Matrica<double>::Matrica(int, int, char) (main.cpp:66)
==20780==    by 0x10944C: main (main.cpp:522)
==20780== 
==20780== 
==20780== HEAP SUMMARY:
==20780==     in use at exit: 0 bytes in 0 blocks
==20780==   total heap usage: 11 allocs, 11 frees, 90,288 bytes allocated
==20780== 
==20780== All heap blocks were freed -- no leaks are possible
==20780== 
==20780== For counts of detected and suppressed errors, rerun with: -v
==20780== ERROR SUMMARY: 9 errors from 2 contexts (suppressed: 0 from 0)
