==16568== Memcheck, a memory error detector
==16568== Copyright (C) 2002-2017, and GNU GPL'd, by Julian Seward et al.
==16568== Using Valgrind-3.13.0 and LibVEX; rerun with -h for copyright info
==16568== Command: /rhome/a/amulalic1/workspace/TP/T1/Z4/.runme
==16568== Parent PID: 16561
==16568== 
==16568== 
==16568== Process terminating with default action of signal 1 (SIGHUP)
==16568==    at 0x54D7081: read (read.c:27)
==16568==    by 0x5454147: _IO_file_underflow@@GLIBC_2.2.5 (fileops.c:531)
==16568==    by 0x54553F1: _IO_default_uflow (genops.c:380)
==16568==    by 0x512B89C: __gnu_cxx::stdio_sync_filebuf<char, std::char_traits<char> >::underflow() (in /usr/lib/x86_64-linux-gnu/libstdc++.so.6.0.25)
==16568==    by 0x5139679: std::istream::sentry::sentry(std::istream&, bool) (in /usr/lib/x86_64-linux-gnu/libstdc++.so.6.0.25)
==16568==    by 0x513BBDD: std::istream& std::istream::_M_extract<double>(double&) (in /usr/lib/x86_64-linux-gnu/libstdc++.so.6.0.25)
==16568==    by 0x108B83: main (main.cpp:13)
==16568== 
==16568== HEAP SUMMARY:
==16568==     in use at exit: 0 bytes in 0 blocks
==16568==   total heap usage: 2 allocs, 2 frees, 73,728 bytes allocated
==16568== 
==16568== All heap blocks were freed -- no leaks are possible
==16568== 
==16568== For counts of detected and suppressed errors, rerun with: -v
==16568== ERROR SUMMARY: 0 errors from 0 contexts (suppressed: 0 from 0)
