==5411== Memcheck, a memory error detector
==5411== Copyright (C) 2002-2017, and GNU GPL'd, by Julian Seward et al.
==5411== Using Valgrind-3.13.0 and LibVEX; rerun with -h for copyright info
==5411== Command: /rhome/a/amulalic1/workspace/TP/Ispit4/Z2/.runme
==5411== Parent PID: 5364
==5411== 
==5411== Invalid write of size 1
==5411==    at 0x4C32E00: strcpy (in /usr/lib/valgrind/vgpreload_memcheck-amd64-linux.so)
==5411==    by 0x109B5D: Gradovi::DodajGrad(char const*, int) (main.cpp:33)
==5411==    by 0x10938B: main (main.cpp:165)
==5411==  Address 0x0 is not stack'd, malloc'd or (recently) free'd
==5411== 
==5411== 
==5411== Process terminating with default action of signal 11 (SIGSEGV): dumping core
==5411==  Access not within mapped region at address 0x0
==5411==    at 0x4C32E00: strcpy (in /usr/lib/valgrind/vgpreload_memcheck-amd64-linux.so)
==5411==    by 0x109B5D: Gradovi::DodajGrad(char const*, int) (main.cpp:33)
==5411==    by 0x10938B: main (main.cpp:165)
==5411==  If you believe this happened as a result of a stack
==5411==  overflow in your program's main thread (unlikely but
==5411==  possible), you can try to increase the size of the
==5411==  main thread stack using the --main-stacksize= flag.
==5411==  The main thread stack size used in this run was 8388608.
==5411== 
==5411== HEAP SUMMARY:
==5411==     in use at exit: 0 bytes in 0 blocks
==5411==   total heap usage: 1 allocs, 1 frees, 72,704 bytes allocated
==5411== 
==5411== All heap blocks were freed -- no leaks are possible
==5411== 
==5411== For counts of detected and suppressed errors, rerun with: -v
==5411== ERROR SUMMARY: 1 errors from 1 contexts (suppressed: 0 from 0)
