==17633== Memcheck, a memory error detector
==17633== Copyright (C) 2002-2017, and GNU GPL'd, by Julian Seward et al.
==17633== Using Valgrind-3.13.0 and LibVEX; rerun with -h for copyright info
==17633== Command: /rhome/a/amulalic1/workspace/TP/T4/Z4/.runme
==17633== Parent PID: 17611
==17633== 
==17633== 
==17633== Process terminating with default action of signal 15 (SIGTERM)
==17633==    at 0x54D7081: read (read.c:27)
==17633==    by 0x5454147: _IO_file_underflow@@GLIBC_2.2.5 (fileops.c:531)
==17633==    by 0x54553F1: _IO_default_uflow (genops.c:380)
==17633==    by 0x512B7FC: __gnu_cxx::stdio_sync_filebuf<char, std::char_traits<char> >::underflow() (in /usr/lib/x86_64-linux-gnu/libstdc++.so.6.0.25)
==17633==    by 0x51395E9: std::istream::sentry::sentry(std::istream&, bool) (in /usr/lib/x86_64-linux-gnu/libstdc++.so.6.0.25)
==17633==    by 0x513BB4D: std::istream& std::istream::_M_extract<double>(double&) (in /usr/lib/x86_64-linux-gnu/libstdc++.so.6.0.25)
==17633==    by 0x108D8F: void UnosBroja<double>(char const*, char const*, double&) (main.cpp:10)
==17633==    by 0x108BEA: main (main.cpp:30)
==17633== 
==17633== HEAP SUMMARY:
==17633==     in use at exit: 0 bytes in 0 blocks
==17633==   total heap usage: 2 allocs, 2 frees, 73,728 bytes allocated
==17633== 
==17633== All heap blocks were freed -- no leaks are possible
==17633== 
==17633== For counts of detected and suppressed errors, rerun with: -v
==17633== ERROR SUMMARY: 0 errors from 0 contexts (suppressed: 0 from 0)
