==24446== Memcheck, a memory error detector
==24446== Copyright (C) 2002-2017, and GNU GPL'd, by Julian Seward et al.
==24446== Using Valgrind-3.13.0 and LibVEX; rerun with -h for copyright info
==24446== Command: /rhome/a/amulalic1/workspace/TP/Z4/Z5/.runme
==24446== Parent PID: 24425
==24446== 
==24446== 
==24446== Process terminating with default action of signal 1 (SIGHUP)
==24446==    at 0x56EF081: read (read.c:27)
==24446==    by 0x566C147: _IO_file_underflow@@GLIBC_2.2.5 (fileops.c:531)
==24446==    by 0x566D3F1: _IO_default_uflow (genops.c:380)
==24446==    by 0x512B7EC: __gnu_cxx::stdio_sync_filebuf<char, std::char_traits<char> >::underflow() (in /usr/lib/x86_64-linux-gnu/libstdc++.so.6.0.25)
==24446==    by 0x51395D9: std::istream::sentry::sentry(std::istream&, bool) (in /usr/lib/x86_64-linux-gnu/libstdc++.so.6.0.25)
==24446==    by 0x513980D: std::istream::operator>>(int&) (in /usr/lib/x86_64-linux-gnu/libstdc++.so.6.0.25)
==24446==    by 0x1095F9: main (main.cpp:242)
==24446== 
==24446== HEAP SUMMARY:
==24446==     in use at exit: 0 bytes in 0 blocks
==24446==   total heap usage: 2 allocs, 2 frees, 73,728 bytes allocated
==24446== 
==24446== All heap blocks were freed -- no leaks are possible
==24446== 
==24446== For counts of detected and suppressed errors, rerun with: -v
==24446== ERROR SUMMARY: 0 errors from 0 contexts (suppressed: 0 from 0)
