==24024== Memcheck, a memory error detector
==24024== Copyright (C) 2002-2017, and GNU GPL'd, by Julian Seward et al.
==24024== Using Valgrind-3.13.0 and LibVEX; rerun with -h for copyright info
==24024== Command: /rhome/a/amulalic1/workspace/TP/Z3/Z1/.runme
==24024== Parent PID: 24003
==24024== 
==24024== 
==24024== Process terminating with default action of signal 1 (SIGHUP)
==24024==    at 0x5A8D081: read (read.c:27)
==24024==    by 0x5A0A147: _IO_file_underflow@@GLIBC_2.2.5 (fileops.c:531)
==24024==    by 0x5A0B3F1: _IO_default_uflow (genops.c:380)
==24024==    by 0x512B7EC: __gnu_cxx::stdio_sync_filebuf<char, std::char_traits<char> >::underflow() (in /usr/lib/x86_64-linux-gnu/libstdc++.so.6.0.25)
==24024==    by 0x51395D9: std::istream::sentry::sentry(std::istream&, bool) (in /usr/lib/x86_64-linux-gnu/libstdc++.so.6.0.25)
==24024==    by 0x513980D: std::istream::operator>>(int&) (in /usr/lib/x86_64-linux-gnu/libstdc++.so.6.0.25)
==24024==    by 0x10A382: main (main.cpp:66)
==24024== 
==24024== HEAP SUMMARY:
==24024==     in use at exit: 0 bytes in 0 blocks
==24024==   total heap usage: 2 allocs, 2 frees, 73,728 bytes allocated
==24024== 
==24024== All heap blocks were freed -- no leaks are possible
==24024== 
==24024== For counts of detected and suppressed errors, rerun with: -v
==24024== ERROR SUMMARY: 0 errors from 0 contexts (suppressed: 0 from 0)
