[New LWP 23591]
Core was generated by `'.
Program terminated with signal SIGSEGV, Segmentation fault.
#0  0x000000000010b289 in ?? ()
#0  0x000000000010b289 in ?? ()
#1  0x0000000005d82500 in ?? ()
#2  0x0000000000000041 in ?? ()
#3  0x0000001fff0008c0 in ?? ()
#4  0x000000000010b4c2 in ?? ()
#5  0x0000001fff0008e0 in ?? ()
#6  0x0000001fff000900 in ?? ()
#7  0x0000001400000014 in ?? ()
#8  0x0000001200000014 in ?? ()
#9  0x0000000005d82580 in ?? ()
#10 0x0000000005d82580 in ?? ()
#11 0x0000001fff000930 in ?? ()
#12 0x0000000000109a1e in ?? ()
#13 0x0000000b0000000b in ?? ()
#14 0x0000000005d82580 in ?? ()
#15 0x00000014000003e8 in ?? ()
#16 0x0000000005d7fc80 in ?? ()
#17 0x00000014000003e8 in ?? ()
#18 0x0000000005d82600 in ?? ()
#19 0x00000014000003e8 in ?? ()
#20 0x0000000005d84f80 in ?? ()
#21 0x000000000010bbe0 in ?? ()
#22 0xb79f412f86b43200 in ?? ()
#23 0x0000000000000000 in ?? ()
