==20307== Memcheck, a memory error detector
==20307== Copyright (C) 2002-2017, and GNU GPL'd, by Julian Seward et al.
==20307== Using Valgrind-3.13.0 and LibVEX; rerun with -h for copyright info
==20307== Command: /rhome/a/amulalic1/workspace/TP/Z4/Z3/.runme
==20307== Parent PID: 20299
==20307== 
==20307== 
==20307== Process terminating with default action of signal 1 (SIGHUP)
==20307==    at 0x401CD0B: open (open64.c:47)
==20307==    by 0x4005C26: open_verify.constprop.7 (dl-load.c:1668)
==20307==    by 0x4006377: open_path (dl-load.c:1980)
==20307==    by 0x40091D8: _dl_map_object (dl-load.c:2220)
==20307==    by 0x400E361: openaux (dl-deps.c:63)
==20307==    by 0x401BC9A: _dl_catch_exception (dl-error-skeleton.c:196)
==20307==    by 0x400E667: _dl_map_object_deps (dl-deps.c:249)
==20307==    by 0x4003EC5: dl_main (rtld.c:1726)
==20307==    by 0x401ADFF: _dl_sysdep_start (dl-sysdep.c:253)
==20307==    by 0x4002127: _dl_start_final (rtld.c:414)
==20307==    by 0x4002127: _dl_start (rtld.c:521)
==20307==    by 0x4001097: ??? (in /lib/x86_64-linux-gnu/ld-2.27.so)
==20307== Jump to the invalid address stated on the next line
==20307==    at 0x556: ???
==20307==    by 0x4005C26: open_verify.constprop.7 (dl-load.c:1668)
==20307==    by 0x4006377: open_path (dl-load.c:1980)
==20307==    by 0x40091D8: _dl_map_object (dl-load.c:2220)
==20307==    by 0x400E361: openaux (dl-deps.c:63)
==20307==    by 0x401BC9A: _dl_catch_exception (dl-error-skeleton.c:196)
==20307==    by 0x400E667: _dl_map_object_deps (dl-deps.c:249)
==20307==    by 0x4003EC5: dl_main (rtld.c:1726)
==20307==    by 0x401ADFF: _dl_sysdep_start (dl-sysdep.c:253)
==20307==    by 0x4002127: _dl_start_final (rtld.c:414)
==20307==    by 0x4002127: _dl_start (rtld.c:521)
==20307==    by 0x4001097: ??? (in /lib/x86_64-linux-gnu/ld-2.27.so)
==20307==  Address 0x556 is not stack'd, malloc'd or (recently) free'd
==20307== 
==20307== 
==20307== Process terminating with default action of signal 11 (SIGSEGV): dumping core
==20307==  Bad permissions for mapped region at address 0x556
==20307==    at 0x556: ???
==20307==    by 0x4005C26: open_verify.constprop.7 (dl-load.c:1668)
==20307==    by 0x4006377: open_path (dl-load.c:1980)
==20307==    by 0x40091D8: _dl_map_object (dl-load.c:2220)
==20307==    by 0x400E361: openaux (dl-deps.c:63)
==20307==    by 0x401BC9A: _dl_catch_exception (dl-error-skeleton.c:196)
==20307==    by 0x400E667: _dl_map_object_deps (dl-deps.c:249)
==20307==    by 0x4003EC5: dl_main (rtld.c:1726)
==20307==    by 0x401ADFF: _dl_sysdep_start (dl-sysdep.c:253)
==20307==    by 0x4002127: _dl_start_final (rtld.c:414)
==20307==    by 0x4002127: _dl_start (rtld.c:521)
==20307==    by 0x4001097: ??? (in /lib/x86_64-linux-gnu/ld-2.27.so)
==20307== 
==20307== HEAP SUMMARY:
==20307==     in use at exit: 0 bytes in 0 blocks
==20307==   total heap usage: 0 allocs, 0 frees, 0 bytes allocated
==20307== 
==20307== All heap blocks were freed -- no leaks are possible
==20307== 
==20307== For counts of detected and suppressed errors, rerun with: -v
==20307== ERROR SUMMARY: 1 errors from 1 contexts (suppressed: 0 from 0)
