==19451== Memcheck, a memory error detector
==19451== Copyright (C) 2002-2017, and GNU GPL'd, by Julian Seward et al.
==19451== Using Valgrind-3.13.0 and LibVEX; rerun with -h for copyright info
==19451== Command: /rhome/a/amulalic1/workspace/TP/Z1/Z1/.runme
==19451== Parent PID: 19443
==19451== 
==19451== 
==19451== Process terminating with default action of signal 1 (SIGHUP)
==19451==    at 0x5A8D081: read (read.c:27)
==19451==    by 0x5A0A147: _IO_file_underflow@@GLIBC_2.2.5 (fileops.c:531)
==19451==    by 0x5A0B3F1: _IO_default_uflow (genops.c:380)
==19451==    by 0x512B7FC: __gnu_cxx::stdio_sync_filebuf<char, std::char_traits<char> >::underflow() (in /usr/lib/x86_64-linux-gnu/libstdc++.so.6.0.25)
==19451==    by 0x51395E9: std::istream::sentry::sentry(std::istream&, bool) (in /usr/lib/x86_64-linux-gnu/libstdc++.so.6.0.25)
==19451==    by 0x513981D: std::istream::operator>>(int&) (in /usr/lib/x86_64-linux-gnu/libstdc++.so.6.0.25)
==19451==    by 0x109558: main (main.cpp:105)
==19451== 
==19451== HEAP SUMMARY:
==19451==     in use at exit: 0 bytes in 0 blocks
==19451==   total heap usage: 2 allocs, 2 frees, 73,728 bytes allocated
==19451== 
==19451== All heap blocks were freed -- no leaks are possible
==19451== 
==19451== For counts of detected and suppressed errors, rerun with: -v
==19451== ERROR SUMMARY: 0 errors from 0 contexts (suppressed: 0 from 0)
