==4373== Memcheck, a memory error detector
==4373== Copyright (C) 2002-2017, and GNU GPL'd, by Julian Seward et al.
==4373== Using Valgrind-3.13.0 and LibVEX; rerun with -h for copyright info
==4373== Command: /rhome/a/amulalic1/workspace/TP/T6/Z1/.runme
==4373== Parent PID: 4350
==4373== 
==4373== Invalid write of size 8
==4373==    at 0x109229: long* GenerirajStepeneDvojke<long>(int) (main.cpp:32)
==4373==    by 0x108FE1: main (main.cpp:54)
==4373==  Address 0x5d800c0 is 0 bytes inside a block of size 40 free'd
==4373==    at 0x4C3173B: operator delete[](void*) (in /usr/lib/valgrind/vgpreload_memcheck-amd64-linux.so)
==4373==    by 0x109216: long* GenerirajStepeneDvojke<long>(int) (main.cpp:25)
==4373==    by 0x108FE1: main (main.cpp:54)
==4373==  Block was alloc'd at
==4373==    at 0x4C3089F: operator new[](unsigned long) (in /usr/lib/valgrind/vgpreload_memcheck-amd64-linux.so)
==4373==    by 0x1091F8: long* GenerirajStepeneDvojke<long>(int) (main.cpp:24)
==4373==    by 0x108FE1: main (main.cpp:54)
==4373== 
==4373== Invalid write of size 8
==4373==    at 0x109262: long* GenerirajStepeneDvojke<long>(int) (main.cpp:35)
==4373==    by 0x108FE1: main (main.cpp:54)
==4373==  Address 0x5d800c8 is 8 bytes inside a block of size 40 free'd
==4373==    at 0x4C3173B: operator delete[](void*) (in /usr/lib/valgrind/vgpreload_memcheck-amd64-linux.so)
==4373==    by 0x109216: long* GenerirajStepeneDvojke<long>(int) (main.cpp:25)
==4373==    by 0x108FE1: main (main.cpp:54)
==4373==  Block was alloc'd at
==4373==    at 0x4C3089F: operator new[](unsigned long) (in /usr/lib/valgrind/vgpreload_memcheck-amd64-linux.so)
==4373==    by 0x1091F8: long* GenerirajStepeneDvojke<long>(int) (main.cpp:24)
==4373==    by 0x108FE1: main (main.cpp:54)
==4373== 
==4373== Invalid read of size 8
==4373==    at 0x109009: main (main.cpp:57)
==4373==  Address 0x5d800c0 is 0 bytes inside a block of size 40 free'd
==4373==    at 0x4C3173B: operator delete[](void*) (in /usr/lib/valgrind/vgpreload_memcheck-amd64-linux.so)
==4373==    by 0x109216: long* GenerirajStepeneDvojke<long>(int) (main.cpp:25)
==4373==    by 0x108FE1: main (main.cpp:54)
==4373==  Block was alloc'd at
==4373==    at 0x4C3089F: operator new[](unsigned long) (in /usr/lib/valgrind/vgpreload_memcheck-amd64-linux.so)
==4373==    by 0x1091F8: long* GenerirajStepeneDvojke<long>(int) (main.cpp:24)
==4373==    by 0x108FE1: main (main.cpp:54)
==4373== 
==4373== 
==4373== HEAP SUMMARY:
==4373==     in use at exit: 0 bytes in 0 blocks
==4373==   total heap usage: 3 allocs, 3 frees, 73,768 bytes allocated
==4373== 
==4373== All heap blocks were freed -- no leaks are possible
==4373== 
==4373== For counts of detected and suppressed errors, rerun with: -v
==4373== ERROR SUMMARY: 10 errors from 3 contexts (suppressed: 0 from 0)
