==17708== Memcheck, a memory error detector
==17708== Copyright (C) 2002-2017, and GNU GPL'd, by Julian Seward et al.
==17708== Using Valgrind-3.13.0 and LibVEX; rerun with -h for copyright info
==17708== Command: /rhome/a/amulalic1/workspace/TP/T2/Z1/.runme
==17708== Parent PID: 17688
==17708== 
==17708== 
==17708== Process terminating with default action of signal 1 (SIGHUP)
==17708==    at 0x5A8D081: read (read.c:27)
==17708==    by 0x5A0A147: _IO_file_underflow@@GLIBC_2.2.5 (fileops.c:531)
==17708==    by 0x5A0B3F1: _IO_default_uflow (genops.c:380)
==17708==    by 0x512B7FC: __gnu_cxx::stdio_sync_filebuf<char, std::char_traits<char> >::underflow() (in /usr/lib/x86_64-linux-gnu/libstdc++.so.6.0.25)
==17708==    by 0x51395E9: std::istream::sentry::sentry(std::istream&, bool) (in /usr/lib/x86_64-linux-gnu/libstdc++.so.6.0.25)
==17708==    by 0x513981D: std::istream::operator>>(int&) (in /usr/lib/x86_64-linux-gnu/libstdc++.so.6.0.25)
==17708==    by 0x108FA9: main (main.cpp:39)
==17708== 
==17708== HEAP SUMMARY:
==17708==     in use at exit: 0 bytes in 0 blocks
==17708==   total heap usage: 2 allocs, 2 frees, 73,728 bytes allocated
==17708== 
==17708== All heap blocks were freed -- no leaks are possible
==17708== 
==17708== For counts of detected and suppressed errors, rerun with: -v
==17708== ERROR SUMMARY: 0 errors from 0 contexts (suppressed: 0 from 0)
