==22646== Memcheck, a memory error detector
==22646== Copyright (C) 2002-2017, and GNU GPL'd, by Julian Seward et al.
==22646== Using Valgrind-3.13.0 and LibVEX; rerun with -h for copyright info
==22646== Command: /rhome/a/amulalic1/workspace/TP/T4/Z3/.runme
==22646== Parent PID: 22619
==22646== 
==22646== 
==22646== Process terminating with default action of signal 1 (SIGHUP)
==22646==    at 0x56EF081: read (read.c:27)
==22646==    by 0x566C147: _IO_file_underflow@@GLIBC_2.2.5 (fileops.c:531)
==22646==    by 0x566D3F1: _IO_default_uflow (genops.c:380)
==22646==    by 0x512B7FC: __gnu_cxx::stdio_sync_filebuf<char, std::char_traits<char> >::underflow() (in /usr/lib/x86_64-linux-gnu/libstdc++.so.6.0.25)
==22646==    by 0x513AE41: std::basic_istream<char, std::char_traits<char> >& std::ws<char, std::char_traits<char> >(std::basic_istream<char, std::char_traits<char> >&) (in /usr/lib/x86_64-linux-gnu/libstdc++.so.6.0.25)
==22646==    by 0x109DFE: main (main.cpp:81)
==22646== 
==22646== HEAP SUMMARY:
==22646==     in use at exit: 0 bytes in 0 blocks
==22646==   total heap usage: 2 allocs, 2 frees, 73,728 bytes allocated
==22646== 
==22646== All heap blocks were freed -- no leaks are possible
==22646== 
==22646== For counts of detected and suppressed errors, rerun with: -v
==22646== ERROR SUMMARY: 0 errors from 0 contexts (suppressed: 0 from 0)
